#! /usr/local/bin/vvp
:ivl_version "12.0 (stable)";
:ivl_delay_selection "TYPICAL";
:vpi_time_precision - 12;
:vpi_module "/usr/local/lib/ivl/system.vpi";
:vpi_module "/usr/local/lib/ivl/vhdl_sys.vpi";
:vpi_module "/usr/local/lib/ivl/vhdl_textio.vpi";
:vpi_module "/usr/local/lib/ivl/v2005_math.vpi";
:vpi_module "/usr/local/lib/ivl/va_math.vpi";
:vpi_module "/usr/local/lib/ivl/v2009.vpi";
S_0x276dbca0 .scope package, "$unit" "$unit" 2 1;
 .timescale 0 0;
S_0x276dbe30 .scope module, "tb_matrix_mac_3x3" "tb_matrix_mac_3x3" 3 3;
 .timescale -9 -12;
v0x276fc330_0 .var "clk", 0 0;
v0x276fc3f0_0 .net "done", 0 0, v0x276fbc60_0;  1 drivers
v0x276fc4c0_0 .var "reset", 0 0;
v0x276fc5c0_0 .var "start", 0 0;
E_0x276c34a0 .event anyedge, v0x276fbc60_0;
S_0x276cda10 .scope module, "uut" "matrix_mac_3x3" 3 9, 4 3 0, S_0x276dbe30;
 .timescale -9 -12;
    .port_info 0 /INPUT 1 "clk";
    .port_info 1 /INPUT 1 "reset";
    .port_info 2 /INPUT 1 "start";
    .port_info 3 /OUTPUT 1 "done";
P_0x276c3070 .param/l "N" 0 4 9, +C4<00000000000000000000000000000011>;
enum0x276adb80 .enum4 (3)
   "IDLE" 3'b000,
   "LOAD" 3'b001,
   "MAC_OP" 3'b010,
   "CHECK_K" 3'b011,
   "STORE" 3'b100,
   "CHECK_IJ" 3'b101,
   "DONE_STATE" 3'b110
 ;
v0x276ce1d0 .array "A_mem", 8 0, 7 0;
v0x276c2830_0 .var "A_val", 7 0;
v0x276fb800 .array "B_mem", 8 0, 7 0;
v0x276fb8d0_0 .var "B_val", 7 0;
v0x276fb9b0 .array "C_mem", 8 0, 31 0;
v0x276fbac0_0 .var "acc", 31 0;
v0x276fbba0_0 .net "clk", 0 0, v0x276fc330_0;  1 drivers
v0x276fbc60_0 .var "done", 0 0;
v0x276fbd20_0 .var "i", 1 0;
v0x276fbe90_0 .var "j", 1 0;
v0x276fbf70_0 .var "k", 1 0;
v0x276fc050_0 .net "reset", 0 0, v0x276fc4c0_0;  1 drivers
v0x276fc110_0 .net "start", 0 0, v0x276fc5c0_0;  1 drivers
v0x276fc1d0_0 .var "state", 2 0;
E_0x276c33c0 .event posedge, v0x276fc050_0, v0x276fbba0_0;
    .scope S_0x276cda10;
T_0 ;
    %pushi/vec4 1, 0, 8;
    %ix/load 4, 0, 0;
    %flag_set/imm 4, 0;
    %store/vec4a v0x276ce1d0, 4, 0;
    %pushi/vec4 2, 0, 8;
    %ix/load 4, 1, 0;
    %flag_set/imm 4, 0;
    %store/vec4a v0x276ce1d0, 4, 0;
    %pushi/vec4 3, 0, 8;
    %ix/load 4, 2, 0;
    %flag_set/imm 4, 0;
    %store/vec4a v0x276ce1d0, 4, 0;
    %pushi/vec4 4, 0, 8;
    %ix/load 4, 3, 0;
    %flag_set/imm 4, 0;
    %store/vec4a v0x276ce1d0, 4, 0;
    %pushi/vec4 5, 0, 8;
    %ix/load 4, 4, 0;
    %flag_set/imm 4, 0;
    %store/vec4a v0x276ce1d0, 4, 0;
    %pushi/vec4 6, 0, 8;
    %ix/load 4, 5, 0;
    %flag_set/imm 4, 0;
    %store/vec4a v0x276ce1d0, 4, 0;
    %pushi/vec4 7, 0, 8;
    %ix/load 4, 6, 0;
    %flag_set/imm 4, 0;
    %store/vec4a v0x276ce1d0, 4, 0;
    %pushi/vec4 1, 0, 8;
    %ix/load 4, 7, 0;
    %flag_set/imm 4, 0;
    %store/vec4a v0x276ce1d0, 4, 0;
    %pushi/vec4 9, 0, 8;
    %ix/load 4, 8, 0;
    %flag_set/imm 4, 0;
    %store/vec4a v0x276ce1d0, 4, 0;
    %pushi/vec4 9, 0, 8;
    %ix/load 4, 0, 0;
    %flag_set/imm 4, 0;
    %store/vec4a v0x276fb800, 4, 0;
    %pushi/vec4 1, 0, 8;
    %ix/load 4, 1, 0;
    %flag_set/imm 4, 0;
    %store/vec4a v0x276fb800, 4, 0;
    %pushi/vec4 1, 0, 8;
    %ix/load 4, 2, 0;
    %flag_set/imm 4, 0;
    %store/vec4a v0x276fb800, 4, 0;
    %pushi/vec4 1, 0, 8;
    %ix/load 4, 3, 0;
    %flag_set/imm 4, 0;
    %store/vec4a v0x276fb800, 4, 0;
    %pushi/vec4 1, 0, 8;
    %ix/load 4, 4, 0;
    %flag_set/imm 4, 0;
    %store/vec4a v0x276fb800, 4, 0;
    %pushi/vec4 1, 0, 8;
    %ix/load 4, 5, 0;
    %flag_set/imm 4, 0;
    %store/vec4a v0x276fb800, 4, 0;
    %pushi/vec4 1, 0, 8;
    %ix/load 4, 6, 0;
    %flag_set/imm 4, 0;
    %store/vec4a v0x276fb800, 4, 0;
    %pushi/vec4 4, 0, 8;
    %ix/load 4, 7, 0;
    %flag_set/imm 4, 0;
    %store/vec4a v0x276fb800, 4, 0;
    %pushi/vec4 1, 0, 8;
    %ix/load 4, 8, 0;
    %flag_set/imm 4, 0;
    %store/vec4a v0x276fb800, 4, 0;
    %end;
    .thread T_0;
    .scope S_0x276cda10;
T_1 ;
    %wait E_0x276c33c0;
    %load/vec4 v0x276fc050_0;
    %flag_set/vec4 8;
    %jmp/0xz  T_1.0, 8;
    %pushi/vec4 0, 0, 3;
    %assign/vec4 v0x276fc1d0_0, 0;
    %pushi/vec4 0, 0, 1;
    %assign/vec4 v0x276fbc60_0, 0;
    %pushi/vec4 0, 0, 2;
    %assign/vec4 v0x276fbd20_0, 0;
    %pushi/vec4 0, 0, 2;
    %assign/vec4 v0x276fbe90_0, 0;
    %pushi/vec4 0, 0, 2;
    %assign/vec4 v0x276fbf70_0, 0;
    %pushi/vec4 0, 0, 32;
    %assign/vec4 v0x276fbac0_0, 0;
    %jmp T_1.1;
T_1.0 ;
    %load/vec4 v0x276fc1d0_0;
    %dup/vec4;
    %pushi/vec4 0, 0, 3;
    %cmp/u;
    %jmp/1 T_1.2, 6;
    %dup/vec4;
    %pushi/vec4 1, 0, 3;
    %cmp/u;
    %jmp/1 T_1.3, 6;
    %dup/vec4;
    %pushi/vec4 2, 0, 3;
    %cmp/u;
    %jmp/1 T_1.4, 6;
    %dup/vec4;
    %pushi/vec4 3, 0, 3;
    %cmp/u;
    %jmp/1 T_1.5, 6;
    %dup/vec4;
    %pushi/vec4 4, 0, 3;
    %cmp/u;
    %jmp/1 T_1.6, 6;
    %dup/vec4;
    %pushi/vec4 5, 0, 3;
    %cmp/u;
    %jmp/1 T_1.7, 6;
    %dup/vec4;
    %pushi/vec4 6, 0, 3;
    %cmp/u;
    %jmp/1 T_1.8, 6;
    %jmp T_1.9;
T_1.2 ;
    %pushi/vec4 0, 0, 1;
    %assign/vec4 v0x276fbc60_0, 0;
    %load/vec4 v0x276fc110_0;
    %flag_set/vec4 8;
    %jmp/0xz  T_1.10, 8;
    %pushi/vec4 0, 0, 2;
    %assign/vec4 v0x276fbd20_0, 0;
    %pushi/vec4 0, 0, 2;
    %assign/vec4 v0x276fbe90_0, 0;
    %pushi/vec4 0, 0, 2;
    %assign/vec4 v0x276fbf70_0, 0;
    %pushi/vec4 0, 0, 32;
    %assign/vec4 v0x276fbac0_0, 0;
    %pushi/vec4 1, 0, 3;
    %assign/vec4 v0x276fc1d0_0, 0;
T_1.10 ;
    %jmp T_1.9;
T_1.3 ;
    %load/vec4 v0x276fbd20_0;
    %pad/u 32;
    %muli 3, 0, 32;
    %load/vec4 v0x276fbf70_0;
    %pad/u 32;
    %add;
    %ix/vec4 4;
    %load/vec4a v0x276ce1d0, 4;
    %assign/vec4 v0x276c2830_0, 0;
    %load/vec4 v0x276fbe90_0;
    %pad/u 32;
    %muli 3, 0, 32;
    %load/vec4 v0x276fbf70_0;
    %pad/u 32;
    %add;
    %ix/vec4 4;
    %load/vec4a v0x276fb800, 4;
    %assign/vec4 v0x276fb8d0_0, 0;
    %pushi/vec4 2, 0, 3;
    %assign/vec4 v0x276fc1d0_0, 0;
    %jmp T_1.9;
T_1.4 ;
    %load/vec4 v0x276fbac0_0;
    %load/vec4 v0x276c2830_0;
    %pad/u 32;
    %load/vec4 v0x276fb8d0_0;
    %pad/u 32;
    %mul;
    %add;
    %assign/vec4 v0x276fbac0_0, 0;
    %pushi/vec4 3, 0, 3;
    %assign/vec4 v0x276fc1d0_0, 0;
    %jmp T_1.9;
T_1.5 ;
    %load/vec4 v0x276fbf70_0;
    %pad/u 32;
    %cmpi/u 2, 0, 32;
    %jmp/0xz  T_1.12, 5;
    %load/vec4 v0x276fbf70_0;
    %addi 1, 0, 2;
    %assign/vec4 v0x276fbf70_0, 0;
    %pushi/vec4 1, 0, 3;
    %assign/vec4 v0x276fc1d0_0, 0;
    %jmp T_1.13;
T_1.12 ;
    %pushi/vec4 4, 0, 3;
    %assign/vec4 v0x276fc1d0_0, 0;
T_1.13 ;
    %jmp T_1.9;
T_1.6 ;
    %load/vec4 v0x276fbac0_0;
    %load/vec4 v0x276fbd20_0;
    %pad/u 32;
    %muli 3, 0, 32;
    %load/vec4 v0x276fbe90_0;
    %pad/u 32;
    %add;
    %ix/vec4 3;
    %ix/load 4, 0, 0; Constant delay
    %assign/vec4/a/d v0x276fb9b0, 0, 4;
    %pushi/vec4 0, 0, 32;
    %assign/vec4 v0x276fbac0_0, 0;
    %pushi/vec4 0, 0, 2;
    %assign/vec4 v0x276fbf70_0, 0;
    %pushi/vec4 5, 0, 3;
    %assign/vec4 v0x276fc1d0_0, 0;
    %jmp T_1.9;
T_1.7 ;
    %load/vec4 v0x276fbe90_0;
    %pad/u 32;
    %cmpi/u 2, 0, 32;
    %jmp/0xz  T_1.14, 5;
    %load/vec4 v0x276fbe90_0;
    %addi 1, 0, 2;
    %assign/vec4 v0x276fbe90_0, 0;
    %pushi/vec4 1, 0, 3;
    %assign/vec4 v0x276fc1d0_0, 0;
    %jmp T_1.15;
T_1.14 ;
    %load/vec4 v0x276fbd20_0;
    %pad/u 32;
    %cmpi/u 2, 0, 32;
    %jmp/0xz  T_1.16, 5;
    %load/vec4 v0x276fbd20_0;
    %addi 1, 0, 2;
    %assign/vec4 v0x276fbd20_0, 0;
    %pushi/vec4 0, 0, 2;
    %assign/vec4 v0x276fbe90_0, 0;
    %pushi/vec4 1, 0, 3;
    %assign/vec4 v0x276fc1d0_0, 0;
    %jmp T_1.17;
T_1.16 ;
    %pushi/vec4 6, 0, 3;
    %assign/vec4 v0x276fc1d0_0, 0;
T_1.17 ;
T_1.15 ;
    %jmp T_1.9;
T_1.8 ;
    %pushi/vec4 1, 0, 1;
    %assign/vec4 v0x276fbc60_0, 0;
    %pushi/vec4 0, 0, 3;
    %assign/vec4 v0x276fc1d0_0, 0;
    %jmp T_1.9;
T_1.9 ;
    %pop/vec4 1;
T_1.1 ;
    %jmp T_1;
    .thread T_1;
    .scope S_0x276dbe30;
T_2 ;
    %delay 5000, 0;
    %load/vec4 v0x276fc330_0;
    %inv;
    %store/vec4 v0x276fc330_0, 0, 1;
    %jmp T_2;
    .thread T_2;
    .scope S_0x276dbe30;
T_3 ;
    %vpi_call/w 3 21 "$dumpfile", "matrix_mac_3x3.vcd" {0 0 0};
    %vpi_call/w 3 22 "$dumpvars", 32'sb00000000000000000000000000000000, S_0x276dbe30 {0 0 0};
    %pushi/vec4 0, 0, 1;
    %store/vec4 v0x276fc330_0, 0, 1;
    %pushi/vec4 1, 0, 1;
    %store/vec4 v0x276fc4c0_0, 0, 1;
    %pushi/vec4 0, 0, 1;
    %store/vec4 v0x276fc5c0_0, 0, 1;
    %delay 10000, 0;
    %pushi/vec4 0, 0, 1;
    %store/vec4 v0x276fc4c0_0, 0, 1;
    %delay 10000, 0;
    %pushi/vec4 1, 0, 1;
    %store/vec4 v0x276fc5c0_0, 0, 1;
    %delay 10000, 0;
    %pushi/vec4 0, 0, 1;
    %store/vec4 v0x276fc5c0_0, 0, 1;
T_3.0 ;
    %load/vec4 v0x276fc3f0_0;
    %pad/u 32;
    %pushi/vec4 1, 0, 32;
    %cmp/e;
    %flag_get/vec4 4;
    %cmpi/ne 1, 0, 1;
    %jmp/0xz T_3.1, 6;
    %wait E_0x276c34a0;
    %jmp T_3.0;
T_3.1 ;
    %vpi_call/w 3 40 "$display", "\012--- 3x3 MATRIX MULTIPLICATION RESULT ---" {0 0 0};
    %vpi_call/w 3 41 "$display", "C[0][0]=%0d  C[0][1]=%0d  C[0][2]=%0d", &A<v0x276fb9b0, 0>, &A<v0x276fb9b0, 1>, &A<v0x276fb9b0, 2> {0 0 0};
    %vpi_call/w 3 42 "$display", "C[1][0]=%0d  C[1][1]=%0d  C[1][2]=%0d", &A<v0x276fb9b0, 3>, &A<v0x276fb9b0, 4>, &A<v0x276fb9b0, 5> {0 0 0};
    %vpi_call/w 3 43 "$display", "C[2][0]=%0d  C[2][1]=%0d  C[2][2]=%0d", &A<v0x276fb9b0, 6>, &A<v0x276fb9b0, 7>, &A<v0x276fb9b0, 8> {0 0 0};
    %vpi_call/w 3 44 "$display", "-----------------------------------------\012" {0 0 0};
    %delay 20000, 0;
    %vpi_call/w 3 46 "$finish" {0 0 0};
    %end;
    .thread T_3;
# The file index is used to find the file name in the following table.
:file_names 5;
    "N/A";
    "<interactive>";
    "-";
    "testbench.sv";
    "design.sv";
